# JRE version: OpenJDK Runtime Environment Temurin-17.0.11+9 (17.0.11+9) (build 17.0.11+9)
# Java VM: OpenJDK 64-Bit Server VM Temurin-17.0.11+9 (17.0.11+9, mixed mode, emulated-client, tiered, compressed oops, compressed class ptrs, g1 gc, windows-amd64)
GC Precious Log:
 CPUs: 12 total, 12 available
 Memory: 16253M
 Large Page Support: Disabled
 NUMA Support: Disabled
 Compressed Oops: Enabled (32-bit)
 Heap Region Size: 1M
 Heap Min Capacity: 8M
 Heap Initial Capacity: 254M
 Heap Max Capacity: 1G
 Pre-touch: Disabled
 Parallel Workers: 10
 Concurrent Workers: 3
 Concurrent Refinement Workers: 10
 Periodic GC: Disabled
Heap:
 garbage-first heap   total 171008K, used 50257K [0x00000000c0000000, 0x0000000100000000)
  region size 1024K, 1 young (1024K), 0 survivors (0K)
 Metaspace       used 74472K, committed 75136K, reserved 1179648K
  class space    used 9137K, committed 9408K, reserved 1048576K
GC Heap History (20 events):
Event: 21490.948 GC heap before
{Heap before GC invocations=1722 (full 1655):
 garbage-first heap   total 171008K, used 50304K [0x00000000c0000000, 0x0000000100000000)
  region size 1024K, 1 young (1024K), 0 survivors (0K)
 Metaspace       used 74472K, committed 75136K, reserved 1179648K
  class space    used 9137K, committed 9408K, reserved 1048576K
}
Event: 21490.973 GC heap after
{Heap after GC invocations=1723 (full 1656):
 garbage-first heap   total 171008K, used 50304K [0x00000000c0000000, 0x0000000100000000)
  region size 1024K, 0 young (0K), 0 survivors (0K)
 Metaspace       used 74472K, committed 75136K, reserved 1179648K
  class space    used 9137K, committed 9408K, reserved 1048576K
}
Event: 21551.093 GC heap before
{Heap before GC invocations=1723 (full 1656):
 garbage-first heap   total 171008K, used 50304K [0x00000000c0000000, 0x0000000100000000)
  region size 1024K, 1 young (1024K), 0 survivors (0K)
 Metaspace       used 74472K, committed 75136K, reserved 1179648K
  class space    used 9137K, committed 9408K, reserved 1048576K
}
Event: 21551.116 GC heap after
{Heap after GC invocations=1724 (full 1657):
 garbage-first heap   total 171008K, used 50320K [0x00000000c0000000, 0x0000000100000000)
  region size 1024K, 0 young (0K), 0 survivors (0K)
 Metaspace       used 74472K, committed 75136K, reserved 1179648K
  class space    used 9137K, committed 9408K, reserved 1048576K
}
Event: 21561.193 GC heap before
{Heap before GC invocations=1724 (full 1657):
 garbage-first heap   total 171008K, used 50320K [0x00000000c0000000, 0x0000000100000000)
  region size 1024K, 1 young (1024K), 0 survivors (0K)
 Metaspace       used 74472K, committed 75136K, reserved 1179648K
  class space    used 9137K, committed 9408K, reserved 1048576K
}
Event: 21561.217 GC heap after
{Heap after GC invocations=1725 (full 1658):
 garbage-first heap   total 171008K, used 50257K [0x00000000c0000000, 0x0000000100000000)
  region size 1024K, 0 young (0K), 0 survivors (0K)
 Metaspace       used 74472K, committed 75136K, reserved 1179648K
  class space    used 9137K, committed 9408K, reserved 1048576K
}
Event: 21571.282 GC heap before
{Heap before GC invocations=1725 (full 1658):
 garbage-first heap   total 171008K, used 50257K [0x00000000c0000000, 0x0000000100000000)
  region size 1024K, 1 young (1024K), 0 survivors (0K)
 Metaspace       used 74472K, committed 75136K, reserved 1179648K
  class space    used 9137K, committed 9408K, reserved 1048576K
}
Event: 21571.308 GC heap after
{Heap after GC invocations=1726 (full 1659):
 garbage-first heap   total 171008K, used 50257K [0x00000000c0000000, 0x0000000100000000)
  region size 1024K, 0 young (0K), 0 survivors (0K)
 Metaspace       used 74472K, committed 75136K, reserved 1179648K
  class space    used 9137K, committed 9408K, reserved 1048576K
}
Event: 21581.385 GC heap before
{Heap before GC invocations=1726 (full 1659):
 garbage-first heap   total 171008K, used 50257K [0x00000000c0000000, 0x0000000100000000)
  region size 1024K, 1 young (1024K), 0 survivors (0K)
 Metaspace       used 74472K, committed 75136K, reserved 1179648K
  class space    used 9137K, committed 9408K, reserved 1048576K
}
Event: 21581.408 GC heap after
{Heap after GC invocations=1727 (full 1660):
 garbage-first heap   total 171008K, used 50257K [0x00000000c0000000, 0x0000000100000000)
  region size 1024K, 0 young (0K), 0 survivors (0K)
 Metaspace       used 74472K, committed 75136K, reserved 1179648K
  class space    used 9137K, committed 9408K, reserved 1048576K
}
Event: 21591.480 GC heap before
{Heap before GC invocations=1727 (full 1660):
 garbage-first heap   total 171008K, used 50257K [0x00000000c0000000, 0x0000000100000000)
  region size 1024K, 1 young (1024K), 0 survivors (0K)
 Metaspace       used 74472K, committed 75136K, reserved 1179648K
  class space    used 9137K, committed 9408K, reserved 1048576K
}
Event: 21591.503 GC heap after
{Heap after GC invocations=1728 (full 1661):
 garbage-first heap   total 171008K, used 50257K [0x00000000c0000000, 0x0000000100000000)
  region size 1024K, 0 young (0K), 0 survivors (0K)
 Metaspace       used 74472K, committed 75136K, reserved 1179648K
  class space    used 9137K, committed 9408K, reserved 1048576K
}
Event: 21601.582 GC heap before
{Heap before GC invocations=1728 (full 1661):
 garbage-first heap   total 171008K, used 50257K [0x00000000c0000000, 0x0000000100000000)
  region size 1024K, 1 young (1024K), 0 survivors (0K)
 Metaspace       used 74472K, committed 75136K, reserved 1179648K
  class space    used 9137K, committed 9408K, reserved 1048576K
}
Event: 21601.607 GC heap after
{Heap after GC invocations=1729 (full 1662):
 garbage-first heap   total 171008K, used 50257K [0x00000000c0000000, 0x0000000100000000)
  region size 1024K, 0 young (0K), 0 survivors (0K)
 Metaspace       used 74472K, committed 75136K, reserved 1179648K
  class space    used 9137K, committed 9408K, reserved 1048576K
}
Event: 21611.680 GC heap before
{Heap before GC invocations=1729 (full 1662):
 garbage-first heap   total 171008K, used 50257K [0x00000000c0000000, 0x0000000100000000)
  region size 1024K, 1 young (1024K), 0 survivors (0K)
 Metaspace       used 74472K, committed 75136K, reserved 1179648K
  class space    used 9137K, committed 9408K, reserved 1048576K
}
Event: 21611.704 GC heap after
{Heap after GC invocations=1730 (full 1663):
 garbage-first heap   total 171008K, used 50257K [0x00000000c0000000, 0x0000000100000000)
  region size 1024K, 0 young (0K), 0 survivors (0K)
 Metaspace       used 74472K, committed 75136K, reserved 1179648K
  class space    used 9137K, committed 9408K, reserved 1048576K
}
Event: 21621.767 GC heap before
{Heap before GC invocations=1730 (full 1663):
 garbage-first heap   total 171008K, used 50257K [0x00000000c0000000, 0x0000000100000000)
  region size 1024K, 1 young (1024K), 0 survivors (0K)
 Metaspace       used 74472K, committed 75136K, reserved 1179648K
  class space    used 9137K, committed 9408K, reserved 1048576K
}
Event: 21621.793 GC heap after
{Heap after GC invocations=1731 (full 1664):
 garbage-first heap   total 171008K, used 50257K [0x00000000c0000000, 0x0000000100000000)
  region size 1024K, 0 young (0K), 0 survivors (0K)
 Metaspace       used 74472K, committed 75136K, reserved 1179648K
  class space    used 9137K, committed 9408K, reserved 1048576K
}
Event: 21631.865 GC heap before
{Heap before GC invocations=1731 (full 1664):
 garbage-first heap   total 171008K, used 50257K [0x00000000c0000000, 0x0000000100000000)
  region size 1024K, 1 young (1024K), 0 survivors (0K)
 Metaspace       used 74472K, committed 75136K, reserved 1179648K
  class space    used 9137K, committed 9408K, reserved 1048576K
}
Event: 21631.889 GC heap after
{Heap after GC invocations=1732 (full 1665):
 garbage-first heap   total 171008K, used 50257K [0x00000000c0000000, 0x0000000100000000)
  region size 1024K, 0 young (0K), 0 survivors (0K)
 Metaspace       used 74472K, committed 75136K, reserved 1179648K
  class space    used 9137K, committed 9408K, reserved 1048576K
}

